2026-02-23 00:01:24.522 INFO  o.h.validator.internal.util.Version [requestId=N/A] - HV000001: Hibernate Validator 8.0.3.Final
2026-02-23 00:01:24.541 INFO  c.h.backend.BackendApplication [requestId=N/A] - Starting BackendApplication using Java 24.0.1 with PID 27392 (/Users/mete/Desktop/Halisaha_dev/target/classes started by mete in /Users/mete/Desktop/Halisaha_dev)
2026-02-23 00:01:24.541 INFO  c.h.backend.BackendApplication [requestId=N/A] - No active profile set, falling back to 1 default profile: "default"
2026-02-23 00:01:24.950 INFO  o.s.d.r.c.RepositoryConfigurationDelegate [requestId=N/A] - Bootstrapping Spring Data JPA repositories in DEFAULT mode.
2026-02-23 00:01:24.976 INFO  o.s.d.r.c.RepositoryConfigurationDelegate [requestId=N/A] - Finished Spring Data repository scanning in 21 ms. Found 5 JPA repository interfaces.
2026-02-23 00:01:25.167 INFO  o.s.b.w.e.tomcat.TomcatWebServer [requestId=N/A] - Tomcat initialized with port 8080 (http)
2026-02-23 00:01:25.173 INFO  o.a.coyote.http11.Http11NioProtocol [requestId=N/A] - Initializing ProtocolHandler ["http-nio-8080"]
2026-02-23 00:01:25.174 INFO  o.a.catalina.core.StandardService [requestId=N/A] - Starting service [Tomcat]
2026-02-23 00:01:25.174 INFO  o.a.catalina.core.StandardEngine [requestId=N/A] - Starting Servlet engine: [Apache Tomcat/10.1.50]
2026-02-23 00:01:25.194 INFO  o.a.c.c.C.[Tomcat].[localhost].[/] [requestId=N/A] - Initializing Spring embedded WebApplicationContext
2026-02-23 00:01:25.194 INFO  o.s.b.w.s.c.ServletWebServerApplicationContext [requestId=N/A] - Root WebApplicationContext: initialization completed in 638 ms
2026-02-23 00:01:25.240 ERROR o.s.b.w.e.tomcat.TomcatStarter [requestId=N/A] - Error starting Tomcat context. Exception: org.springframework.beans.factory.UnsatisfiedDependencyException. Message: Error creating bean with name 'jwtAuthenticationFilter' defined in file [/Users/mete/Desktop/Halisaha_dev/target/classes/com/halisaha/backend/config/JwtAuthenticationFilter.class]: Unsatisfied dependency expressed through constructor parameter 0: Error creating bean with name 'jwtService': Injection of autowired dependencies failed
2026-02-23 00:01:25.252 INFO  o.a.catalina.core.StandardService [requestId=N/A] - Stopping service [Tomcat]
2026-02-23 00:01:25.257 WARN  o.s.b.w.s.c.AnnotationConfigServletWebServerApplicationContext [requestId=N/A] - Exception encountered during context initialization - cancelling refresh attempt: org.springframework.context.ApplicationContextException: Unable to start web server
2026-02-23 00:01:25.267 INFO  o.s.b.a.l.ConditionEvaluationReportLogger [requestId=N/A] - 

Error starting ApplicationContext. To display the condition evaluation report re-run your application with 'debug' enabled.
2026-02-23 00:01:25.275 ERROR o.s.boot.SpringApplication [requestId=N/A] - Application run failed
org.springframework.context.ApplicationContextException: Unable to start web server
	at org.springframework.boot.web.servlet.context.ServletWebServerApplicationContext.onRefresh(ServletWebServerApplicationContext.java:170)
	at org.springframework.context.support.AbstractApplicationContext.refresh(AbstractApplicationContext.java:621)
	at org.springframework.boot.web.servlet.context.ServletWebServerApplicationContext.refresh(ServletWebServerApplicationContext.java:146)
	at org.springframework.boot.SpringApplication.refresh(SpringApplication.java:752)
	at org.springframework.boot.SpringApplication.refreshContext(SpringApplication.java:439)
	at org.springframework.boot.SpringApplication.run(SpringApplication.java:318)
	at org.springframework.boot.SpringApplication.run(SpringApplication.java:1361)
	at org.springframework.boot.SpringApplication.run(SpringApplication.java:1350)
	at com.halisaha.backend.BackendApplication.main(BackendApplication.java:10)
Caused by: org.springframework.boot.web.server.WebServerException: Unable to start embedded Tomcat
	at org.springframework.boot.web.embedded.tomcat.TomcatWebServer.initialize(TomcatWebServer.java:147)
	at org.springframework.boot.web.embedded.tomcat.TomcatWebServer.<init>(TomcatWebServer.java:107)
	at org.springframework.boot.web.embedded.tomcat.TomcatServletWebServerFactory.getTomcatWebServer(TomcatServletWebServerFactory.java:517)
	at org.springframework.boot.web.embedded.tomcat.TomcatServletWebServerFactory.getWebServer(TomcatServletWebServerFactory.java:219)
	at org.springframework.boot.web.servlet.context.ServletWebServerApplicationContext.createWebServer(ServletWebServerApplicationContext.java:193)
	at org.springframework.boot.web.servlet.context.ServletWebServerApplicationContext.onRefresh(ServletWebServerApplicationContext.java:167)
	... 8 common frames omitted
Caused by: org.springframework.beans.factory.UnsatisfiedDependencyException: Error creating bean with name 'jwtAuthenticationFilter' defined in file [/Users/mete/Desktop/Halisaha_dev/target/classes/com/halisaha/backend/config/JwtAuthenticationFilter.class]: Unsatisfied dependency expressed through constructor parameter 0: Error creating bean with name 'jwtService': Injection of autowired dependencies failed
	at org.springframework.beans.factory.support.ConstructorResolver.createArgumentArray(ConstructorResolver.java:804)
	at org.springframework.beans.factory.support.ConstructorResolver.autowireConstructor(ConstructorResolver.java:240)
	at org.springframework.beans.factory.support.AbstractAutowireCapableBeanFactory.autowireConstructor(AbstractAutowireCapableBeanFactory.java:1395)
	at org.springframework.beans.factory.support.AbstractAutowireCapableBeanFactory.createBeanInstance(AbstractAutowireCapableBeanFactory.java:1232)
	at org.springframework.beans.factory.support.AbstractAutowireCapableBeanFactory.doCreateBean(AbstractAutowireCapableBeanFactory.java:569)
	at org.springframework.beans.factory.support.AbstractAutowireCapableBeanFactory.createBean(AbstractAutowireCapableBeanFactory.java:529)
	at org.springframework.beans.factory.support.AbstractBeanFactory.lambda$doGetBean$0(AbstractBeanFactory.java:339)
	at org.springframework.beans.factory.support.DefaultSingletonBeanRegistry.getSingleton(DefaultSingletonBeanRegistry.java:373)
	at org.springframework.beans.factory.support.AbstractBeanFactory.doGetBean(AbstractBeanFactory.java:337)
	at org.springframework.beans.factory.support.AbstractBeanFactory.getBean(AbstractBeanFactory.java:207)
	at org.springframework.boot.web.servlet.ServletContextInitializerBeans.getOrderedBeansOfType(ServletContextInitializerBeans.java:230)
	at org.springframework.boot.web.servlet.ServletContextInitializerBeans.addAsRegistrationBean(ServletContextInitializerBeans.java:184)
	at org.springframework.boot.web.servlet.ServletContextInitializerBeans.addAsRegistrationBean(ServletContextInitializerBeans.java:179)
	at org.springframework.boot.web.servlet.ServletContextInitializerBeans.addAdaptableBeans(ServletContextInitializerBeans.java:164)
	at org.springframework.boot.web.servlet.ServletContextInitializerBeans.<init>(ServletContextInitializerBeans.java:96)
	at org.springframework.boot.web.servlet.context.ServletWebServerApplicationContext.getServletContextInitializerBeans(ServletWebServerApplicationContext.java:271)
	at org.springframework.boot.web.servlet.context.ServletWebServerApplicationContext.selfInitialize(ServletWebServerApplicationContext.java:245)
	at org.springframework.boot.web.embedded.tomcat.TomcatStarter.onStartup(TomcatStarter.java:52)
	at org.apache.catalina.core.StandardContext.startInternal(StandardContext.java:4452)
	at org.apache.catalina.util.LifecycleBase.start(LifecycleBase.java:164)
	at org.apache.catalina.core.ContainerBase$StartChild.call(ContainerBase.java:1201)
	at org.apache.catalina.core.ContainerBase$StartChild.call(ContainerBase.java:1191)
	at java.base/java.util.concurrent.FutureTask.run(FutureTask.java:328)
	at org.apache.tomcat.util.threads.InlineExecutorService.execute(InlineExecutorService.java:81)
	at java.base/java.util.concurrent.AbstractExecutorService.submit(AbstractExecutorService.java:148)
	at org.apache.catalina.core.ContainerBase.startInternal(ContainerBase.java:747)
	at org.apache.catalina.core.StandardHost.startInternal(StandardHost.java:783)
	at org.apache.catalina.util.LifecycleBase.start(LifecycleBase.java:164)
	at org.apache.catalina.core.ContainerBase$StartChild.call(ContainerBase.java:1201)
	at org.apache.catalina.core.ContainerBase$StartChild.call(ContainerBase.java:1191)
	at java.base/java.util.concurrent.FutureTask.run(FutureTask.java:328)
	at org.apache.tomcat.util.threads.InlineExecutorService.execute(InlineExecutorService.java:81)
	at java.base/java.util.concurrent.AbstractExecutorService.submit(AbstractExecutorService.java:148)
	at org.apache.catalina.core.ContainerBase.startInternal(ContainerBase.java:747)
	at org.apache.catalina.core.StandardEngine.startInternal(StandardEngine.java:201)
	at org.apache.catalina.util.LifecycleBase.start(LifecycleBase.java:164)
	at org.apache.catalina.core.StandardService.startInternal(StandardService.java:410)
	at org.apache.catalina.util.LifecycleBase.start(LifecycleBase.java:164)
	at org.apache.catalina.core.StandardServer.startInternal(StandardServer.java:868)
	at org.apache.catalina.util.LifecycleBase.start(LifecycleBase.java:164)
	at org.apache.catalina.startup.Tomcat.start(Tomcat.java:436)
	at org.springframework.boot.web.embedded.tomcat.TomcatWebServer.initialize(TomcatWebServer.java:128)
	... 13 common frames omitted
Caused by: org.springframework.beans.factory.BeanCreationException: Error creating bean with name 'jwtService': Injection of autowired dependencies failed
	at org.springframework.beans.factory.annotation.AutowiredAnnotationBeanPostProcessor.postProcessProperties(AutowiredAnnotationBeanPostProcessor.java:515)
	at org.springframework.beans.factory.support.AbstractAutowireCapableBeanFactory.populateBean(AbstractAutowireCapableBeanFactory.java:1459)
	at org.springframework.beans.factory.support.AbstractAutowireCapableBeanFactory.doCreateBean(AbstractAutowireCapableBeanFactory.java:606)
	at org.springframework.beans.factory.support.AbstractAutowireCapableBeanFactory.createBean(AbstractAutowireCapableBeanFactory.java:529)
	at org.springframework.beans.factory.support.AbstractBeanFactory.lambda$doGetBean$0(AbstractBeanFactory.java:339)
	at org.springframework.beans.factory.support.DefaultSingletonBeanRegistry.getSingleton(DefaultSingletonBeanRegistry.java:373)
	at org.springframework.beans.factory.support.AbstractBeanFactory.doGetBean(AbstractBeanFactory.java:337)
	at org.springframework.beans.factory.support.AbstractBeanFactory.getBean(AbstractBeanFactory.java:202)
	at org.springframework.beans.factory.support.DefaultListableBeanFactory.doResolveDependency(DefaultListableBeanFactory.java:1708)
	at org.springframework.beans.factory.support.DefaultListableBeanFactory.resolveDependency(DefaultListableBeanFactory.java:1653)
	at org.springframework.beans.factory.support.ConstructorResolver.resolveAutowiredArgument(ConstructorResolver.java:913)
	at org.springframework.beans.factory.support.ConstructorResolver.createArgumentArray(ConstructorResolver.java:791)
	... 54 common frames omitted
Caused by: org.springframework.util.PlaceholderResolutionException: Could not resolve placeholder 'application.security.jwt.secret-key' in value "${application.security.jwt.secret-key}"
	at org.springframework.util.PlaceholderResolutionException.withValue(PlaceholderResolutionException.java:81)
	at org.springframework.util.PlaceholderParser$ParsedValue.resolve(PlaceholderParser.java:298)
	at org.springframework.util.PlaceholderParser.replacePlaceholders(PlaceholderParser.java:131)
	at org.springframework.util.PropertyPlaceholderHelper.replacePlaceholders(PropertyPlaceholderHelper.java:114)
	at org.springframework.core.env.AbstractPropertyResolver.doResolvePlaceholders(AbstractPropertyResolver.java:293)
	at org.springframework.core.env.AbstractPropertyResolver.resolveRequiredPlaceholders(AbstractPropertyResolver.java:264)
	at org.springframework.context.support.PropertySourcesPlaceholderConfigurer.lambda$processProperties$0(PropertySourcesPlaceholderConfigurer.java:186)
	at org.springframework.beans.factory.support.AbstractBeanFactory.resolveEmbeddedValue(AbstractBeanFactory.java:970)
	at org.springframework.beans.factory.support.DefaultListableBeanFactory.doResolveDependency(DefaultListableBeanFactory.java:1675)
	at org.springframework.beans.factory.support.DefaultListableBeanFactory.resolveDependency(DefaultListableBeanFactory.java:1653)
	at org.springframework.beans.factory.annotation.AutowiredAnnotationBeanPostProcessor$AutowiredFieldElement.resolveFieldValue(AutowiredAnnotationBeanPostProcessor.java:784)
	at org.springframework.beans.factory.annotation.AutowiredAnnotationBeanPostProcessor$AutowiredFieldElement.inject(AutowiredAnnotationBeanPostProcessor.java:767)
	at org.springframework.beans.factory.annotation.InjectionMetadata.inject(InjectionMetadata.java:146)
	at org.springframework.beans.factory.annotation.AutowiredAnnotationBeanPostProcessor.postProcessProperties(AutowiredAnnotationBeanPostProcessor.java:509)
	... 65 common frames omitted
2026-02-23 00:03:33.971 INFO  o.h.validator.internal.util.Version [requestId=N/A] - HV000001: Hibernate Validator 8.0.3.Final
2026-02-23 00:03:33.986 INFO  c.h.backend.BackendApplication [requestId=N/A] - Starting BackendApplication using Java 24.0.1 with PID 27522 (/Users/mete/Desktop/Halisaha_dev/target/classes started by mete in /Users/mete/Desktop/Halisaha_dev)
2026-02-23 00:03:33.986 INFO  c.h.backend.BackendApplication [requestId=N/A] - No active profile set, falling back to 1 default profile: "default"
2026-02-23 00:03:34.318 INFO  o.s.d.r.c.RepositoryConfigurationDelegate [requestId=N/A] - Bootstrapping Spring Data JPA repositories in DEFAULT mode.
2026-02-23 00:03:34.340 INFO  o.s.d.r.c.RepositoryConfigurationDelegate [requestId=N/A] - Finished Spring Data repository scanning in 18 ms. Found 5 JPA repository interfaces.
2026-02-23 00:03:34.510 INFO  o.s.b.w.e.tomcat.TomcatWebServer [requestId=N/A] - Tomcat initialized with port 8080 (http)
2026-02-23 00:03:34.515 INFO  o.a.coyote.http11.Http11NioProtocol [requestId=N/A] - Initializing ProtocolHandler ["http-nio-8080"]
2026-02-23 00:03:34.515 INFO  o.a.catalina.core.StandardService [requestId=N/A] - Starting service [Tomcat]
2026-02-23 00:03:34.515 INFO  o.a.catalina.core.StandardEngine [requestId=N/A] - Starting Servlet engine: [Apache Tomcat/10.1.50]
2026-02-23 00:03:34.531 INFO  o.a.c.c.C.[Tomcat].[localhost].[/] [requestId=N/A] - Initializing Spring embedded WebApplicationContext
2026-02-23 00:03:34.531 INFO  o.s.b.w.s.c.ServletWebServerApplicationContext [requestId=N/A] - Root WebApplicationContext: initialization completed in 531 ms
2026-02-23 00:03:34.580 ERROR o.s.b.w.e.tomcat.TomcatStarter [requestId=N/A] - Error starting Tomcat context. Exception: org.springframework.beans.factory.UnsatisfiedDependencyException. Message: Error creating bean with name 'jwtAuthenticationFilter' defined in file [/Users/mete/Desktop/Halisaha_dev/target/classes/com/halisaha/backend/config/JwtAuthenticationFilter.class]: Unsatisfied dependency expressed through constructor parameter 1: Error creating bean with name 'applicationConfig' defined in file [/Users/mete/Desktop/Halisaha_dev/target/classes/com/halisaha/backend/config/ApplicationConfig.class]: Unsatisfied dependency expressed through constructor parameter 0: Error creating bean with name 'userRepository' defined in com.halisaha.backend.repository.UserRepository defined in @EnableJpaRepositories declared on JpaRepositoriesRegistrar.EnableJpaRepositoriesConfiguration: Cannot resolve reference to bean 'jpaSharedEM_entityManagerFactory' while setting bean property 'entityManager'
2026-02-23 00:03:34.591 INFO  o.a.catalina.core.StandardService [requestId=N/A] - Stopping service [Tomcat]
2026-02-23 00:03:34.595 WARN  o.s.b.w.s.c.AnnotationConfigServletWebServerApplicationContext [requestId=N/A] - Exception encountered during context initialization - cancelling refresh attempt: org.springframework.context.ApplicationContextException: Unable to start web server
2026-02-23 00:03:34.603 INFO  o.s.b.a.l.ConditionEvaluationReportLogger [requestId=N/A] - 

Error starting ApplicationContext. To display the condition evaluation report re-run your application with 'debug' enabled.
2026-02-23 00:03:34.608 ERROR o.s.b.d.LoggingFailureAnalysisReporter [requestId=N/A] - 

***************************
APPLICATION FAILED TO START
***************************

Description:

Failed to configure a DataSource: 'url' attribute is not specified and no embedded datasource could be configured.

Reason: Failed to determine a suitable driver class


Action:

Consider the following:
	If you want an embedded database (H2, HSQL or Derby), please put it on the classpath.
	If you have database settings to be loaded from a particular profile you may need to activate it (no profiles are currently active).

2026-02-23 00:03:43.851 INFO  o.h.validator.internal.util.Version [requestId=N/A] - HV000001: Hibernate Validator 8.0.3.Final
2026-02-23 00:03:43.867 INFO  c.h.backend.BackendApplication [requestId=N/A] - Starting BackendApplication using Java 24.0.1 with PID 27529 (/Users/mete/Desktop/Halisaha_dev/target/classes started by mete in /Users/mete/Desktop/Halisaha_dev)
2026-02-23 00:03:43.867 INFO  c.h.backend.BackendApplication [requestId=N/A] - No active profile set, falling back to 1 default profile: "default"
2026-02-23 00:03:44.195 INFO  o.s.d.r.c.RepositoryConfigurationDelegate [requestId=N/A] - Bootstrapping Spring Data JPA repositories in DEFAULT mode.
2026-02-23 00:03:44.216 INFO  o.s.d.r.c.RepositoryConfigurationDelegate [requestId=N/A] - Finished Spring Data repository scanning in 16 ms. Found 5 JPA repository interfaces.
2026-02-23 00:03:44.396 INFO  o.s.b.w.e.tomcat.TomcatWebServer [requestId=N/A] - Tomcat initialized with port 8080 (http)
2026-02-23 00:03:44.402 INFO  o.a.coyote.http11.Http11NioProtocol [requestId=N/A] - Initializing ProtocolHandler ["http-nio-8080"]
2026-02-23 00:03:44.403 INFO  o.a.catalina.core.StandardService [requestId=N/A] - Starting service [Tomcat]
2026-02-23 00:03:44.403 INFO  o.a.catalina.core.StandardEngine [requestId=N/A] - Starting Servlet engine: [Apache Tomcat/10.1.50]
2026-02-23 00:03:44.418 INFO  o.a.c.c.C.[Tomcat].[localhost].[/] [requestId=N/A] - Initializing Spring embedded WebApplicationContext
2026-02-23 00:03:44.418 INFO  o.s.b.w.s.c.ServletWebServerApplicationContext [requestId=N/A] - Root WebApplicationContext: initialization completed in 535 ms
2026-02-23 00:03:44.458 ERROR o.s.b.w.e.tomcat.TomcatStarter [requestId=N/A] - Error starting Tomcat context. Exception: org.springframework.beans.factory.UnsatisfiedDependencyException. Message: Error creating bean with name 'jwtAuthenticationFilter' defined in file [/Users/mete/Desktop/Halisaha_dev/target/classes/com/halisaha/backend/config/JwtAuthenticationFilter.class]: Unsatisfied dependency expressed through constructor parameter 1: Error creating bean with name 'applicationConfig' defined in file [/Users/mete/Desktop/Halisaha_dev/target/classes/com/halisaha/backend/config/ApplicationConfig.class]: Unsatisfied dependency expressed through constructor parameter 0: Error creating bean with name 'userRepository' defined in com.halisaha.backend.repository.UserRepository defined in @EnableJpaRepositories declared on JpaRepositoriesRegistrar.EnableJpaRepositoriesConfiguration: Cannot resolve reference to bean 'jpaSharedEM_entityManagerFactory' while setting bean property 'entityManager'
2026-02-23 00:03:44.470 INFO  o.a.catalina.core.StandardService [requestId=N/A] - Stopping service [Tomcat]
2026-02-23 00:03:44.475 WARN  o.s.b.w.s.c.AnnotationConfigServletWebServerApplicationContext [requestId=N/A] - Exception encountered during context initialization - cancelling refresh attempt: org.springframework.context.ApplicationContextException: Unable to start web server
2026-02-23 00:03:44.481 INFO  o.s.b.a.l.ConditionEvaluationReportLogger [requestId=N/A] - 

Error starting ApplicationContext. To display the condition evaluation report re-run your application with 'debug' enabled.
2026-02-23 00:03:44.487 ERROR o.s.b.d.LoggingFailureAnalysisReporter [requestId=N/A] - 

***************************
APPLICATION FAILED TO START
***************************

Description:

Failed to configure a DataSource: 'url' attribute is not specified and no embedded datasource could be configured.

Reason: Failed to determine a suitable driver class


Action:

Consider the following:
	If you want an embedded database (H2, HSQL or Derby), please put it on the classpath.
	If you have database settings to be loaded from a particular profile you may need to activate it (no profiles are currently active).

2026-02-23 00:05:44.398 INFO  o.h.validator.internal.util.Version [requestId=N/A] - HV000001: Hibernate Validator 8.0.3.Final
2026-02-23 00:05:44.412 INFO  c.h.backend.BackendApplication [requestId=N/A] - Starting BackendApplication using Java 24.0.1 with PID 27868 (/Users/mete/Desktop/Halisaha_dev/target/classes started by mete in /Users/mete/Desktop/Halisaha_dev)
2026-02-23 00:05:44.413 INFO  c.h.backend.BackendApplication [requestId=N/A] - No active profile set, falling back to 1 default profile: "default"
2026-02-23 00:05:44.750 INFO  o.s.d.r.c.RepositoryConfigurationDelegate [requestId=N/A] - Bootstrapping Spring Data JPA repositories in DEFAULT mode.
2026-02-23 00:05:44.772 INFO  o.s.d.r.c.RepositoryConfigurationDelegate [requestId=N/A] - Finished Spring Data repository scanning in 17 ms. Found 5 JPA repository interfaces.
2026-02-23 00:05:44.945 INFO  o.s.b.w.e.tomcat.TomcatWebServer [requestId=N/A] - Tomcat initialized with port 8080 (http)
2026-02-23 00:05:44.950 INFO  o.a.coyote.http11.Http11NioProtocol [requestId=N/A] - Initializing ProtocolHandler ["http-nio-8080"]
2026-02-23 00:05:44.951 INFO  o.a.catalina.core.StandardService [requestId=N/A] - Starting service [Tomcat]
2026-02-23 00:05:44.951 INFO  o.a.catalina.core.StandardEngine [requestId=N/A] - Starting Servlet engine: [Apache Tomcat/10.1.50]
2026-02-23 00:05:44.968 INFO  o.a.c.c.C.[Tomcat].[localhost].[/] [requestId=N/A] - Initializing Spring embedded WebApplicationContext
2026-02-23 00:05:44.968 INFO  o.s.b.w.s.c.ServletWebServerApplicationContext [requestId=N/A] - Root WebApplicationContext: initialization completed in 541 ms
2026-02-23 00:05:45.054 INFO  o.h.jpa.internal.util.LogHelper [requestId=N/A] - HHH000204: Processing PersistenceUnitInfo [name: default]
2026-02-23 00:05:45.079 INFO  org.hibernate.Version [requestId=N/A] - HHH000412: Hibernate ORM core version 6.6.41.Final
2026-02-23 00:05:45.091 INFO  o.h.c.i.RegionFactoryInitiator [requestId=N/A] - HHH000026: Second-level cache disabled
2026-02-23 00:05:45.196 INFO  o.s.o.j.p.SpringPersistenceUnitInfo [requestId=N/A] - No LoadTimeWeaver setup: ignoring JPA class transformer
2026-02-23 00:05:45.209 INFO  com.zaxxer.hikari.HikariDataSource [requestId=N/A] - HikariPool-1 - Starting...
2026-02-23 00:05:45.274 INFO  com.zaxxer.hikari.pool.HikariPool [requestId=N/A] - HikariPool-1 - Added connection org.postgresql.jdbc.PgConnection@257b3561
2026-02-23 00:05:45.274 INFO  com.zaxxer.hikari.HikariDataSource [requestId=N/A] - HikariPool-1 - Start completed.
2026-02-23 00:05:45.310 INFO  o.hibernate.orm.connections.pooling [requestId=N/A] - HHH10001005: Database info:
	Database JDBC URL [Connecting through datasource 'HikariDataSource (HikariPool-1)']
	Database driver: undefined/unknown
	Database version: 18.1
	Autocommit mode: undefined/unknown
	Isolation level: undefined/unknown
	Minimum pool size: undefined/unknown
	Maximum pool size: undefined/unknown
2026-02-23 00:05:45.653 INFO  o.h.e.t.j.p.i.JtaPlatformInitiator [requestId=N/A] - HHH000489: No JTA platform available (set 'hibernate.transaction.jta.platform' to enable JTA platform integration)
2026-02-23 00:05:45.718 INFO  o.s.o.j.LocalContainerEntityManagerFactoryBean [requestId=N/A] - Initialized JPA EntityManagerFactory for persistence unit 'default'
2026-02-23 00:05:45.854 INFO  o.s.s.c.a.a.c.InitializeAuthenticationProviderBeanManagerConfigurer$InitializeAuthenticationProviderManagerConfigurer [requestId=N/A] - Global AuthenticationManager configured with AuthenticationProvider bean with name authenticationProvider
2026-02-23 00:05:45.854 WARN  o.s.s.c.a.a.c.InitializeUserDetailsBeanManagerConfigurer$InitializeUserDetailsManagerConfigurer [requestId=N/A] - Global AuthenticationManager configured with an AuthenticationProvider bean. UserDetailsService beans will not be used by Spring Security for automatically configuring username/password login. Consider removing the AuthenticationProvider bean. Alternatively, consider using the UserDetailsService in a manually instantiated DaoAuthenticationProvider. If the current configuration is intentional, to turn off this warning, increase the logging level of 'org.springframework.security.config.annotation.authentication.configuration.InitializeUserDetailsBeanManagerConfigurer' to ERROR
2026-02-23 00:05:45.882 WARN  o.s.b.a.o.j.JpaBaseConfiguration$JpaWebConfiguration [requestId=N/A] - spring.jpa.open-in-view is enabled by default. Therefore, database queries may be performed during view rendering. Explicitly configure spring.jpa.open-in-view to disable this warning
2026-02-23 00:05:46.007 INFO  o.s.b.a.e.web.EndpointLinksResolver [requestId=N/A] - Exposing 1 endpoint beneath base path '/actuator'
2026-02-23 00:05:46.146 INFO  o.a.coyote.http11.Http11NioProtocol [requestId=N/A] - Starting ProtocolHandler ["http-nio-8080"]
2026-02-23 00:05:46.153 INFO  o.s.b.w.e.tomcat.TomcatWebServer [requestId=N/A] - Tomcat started on port 8080 (http) with context path '/'
2026-02-23 00:05:46.160 INFO  c.h.backend.BackendApplication [requestId=N/A] - Started BackendApplication in 1.933 seconds (process running for 2.171)
2026-02-23 00:05:46.714 INFO  o.a.c.c.C.[Tomcat].[localhost].[/] [requestId=N/A] - Initializing Spring DispatcherServlet 'dispatcherServlet'
2026-02-23 00:05:46.714 INFO  o.s.web.servlet.DispatcherServlet [requestId=N/A] - Initializing Servlet 'dispatcherServlet'
2026-02-23 00:05:46.715 INFO  o.s.web.servlet.DispatcherServlet [requestId=N/A] - Completed initialization in 1 ms
2026-02-23 00:11:12.955 INFO  o.s.b.w.e.tomcat.GracefulShutdown [requestId=N/A] - Commencing graceful shutdown. Waiting for active requests to complete
2026-02-23 00:11:13.468 INFO  o.s.b.w.e.tomcat.GracefulShutdown [requestId=N/A] - Graceful shutdown complete
2026-02-23 00:11:13.480 INFO  o.s.o.j.LocalContainerEntityManagerFactoryBean [requestId=N/A] - Closing JPA EntityManagerFactory for persistence unit 'default'
2026-02-23 00:11:13.485 INFO  com.zaxxer.hikari.HikariDataSource [requestId=N/A] - HikariPool-1 - Shutdown initiated...
2026-02-23 00:11:13.487 INFO  com.zaxxer.hikari.HikariDataSource [requestId=N/A] - HikariPool-1 - Shutdown completed.
2026-02-23 00:11:15.151 INFO  o.h.validator.internal.util.Version [requestId=N/A] - HV000001: Hibernate Validator 8.0.3.Final
2026-02-23 00:11:15.167 INFO  c.h.backend.BackendApplication [requestId=N/A] - Starting BackendApplication using Java 24.0.1 with PID 28090 (/Users/mete/Desktop/Halisaha_dev/target/classes started by mete in /Users/mete/Desktop/Halisaha_dev)
2026-02-23 00:11:15.167 INFO  c.h.backend.BackendApplication [requestId=N/A] - No active profile set, falling back to 1 default profile: "default"
2026-02-23 00:11:15.486 INFO  o.s.d.r.c.RepositoryConfigurationDelegate [requestId=N/A] - Bootstrapping Spring Data JPA repositories in DEFAULT mode.
2026-02-23 00:11:15.508 INFO  o.s.d.r.c.RepositoryConfigurationDelegate [requestId=N/A] - Finished Spring Data repository scanning in 18 ms. Found 5 JPA repository interfaces.
2026-02-23 00:11:15.684 INFO  o.s.b.w.e.tomcat.TomcatWebServer [requestId=N/A] - Tomcat initialized with port 8080 (http)
2026-02-23 00:11:15.688 INFO  o.a.coyote.http11.Http11NioProtocol [requestId=N/A] - Initializing ProtocolHandler ["http-nio-8080"]
2026-02-23 00:11:15.689 INFO  o.a.catalina.core.StandardService [requestId=N/A] - Starting service [Tomcat]
2026-02-23 00:11:15.689 INFO  o.a.catalina.core.StandardEngine [requestId=N/A] - Starting Servlet engine: [Apache Tomcat/10.1.50]
2026-02-23 00:11:15.705 INFO  o.a.c.c.C.[Tomcat].[localhost].[/] [requestId=N/A] - Initializing Spring embedded WebApplicationContext
2026-02-23 00:11:15.705 INFO  o.s.b.w.s.c.ServletWebServerApplicationContext [requestId=N/A] - Root WebApplicationContext: initialization completed in 523 ms
2026-02-23 00:11:15.785 INFO  o.h.jpa.internal.util.LogHelper [requestId=N/A] - HHH000204: Processing PersistenceUnitInfo [name: default]
2026-02-23 00:11:15.804 INFO  org.hibernate.Version [requestId=N/A] - HHH000412: Hibernate ORM core version 6.6.41.Final
2026-02-23 00:11:15.814 INFO  o.h.c.i.RegionFactoryInitiator [requestId=N/A] - HHH000026: Second-level cache disabled
2026-02-23 00:11:15.904 INFO  o.s.o.j.p.SpringPersistenceUnitInfo [requestId=N/A] - No LoadTimeWeaver setup: ignoring JPA class transformer
2026-02-23 00:11:15.915 INFO  com.zaxxer.hikari.HikariDataSource [requestId=N/A] - HikariPool-1 - Starting...
2026-02-23 00:11:15.980 INFO  com.zaxxer.hikari.pool.HikariPool [requestId=N/A] - HikariPool-1 - Added connection org.postgresql.jdbc.PgConnection@57bac3f0
2026-02-23 00:11:15.981 INFO  com.zaxxer.hikari.HikariDataSource [requestId=N/A] - HikariPool-1 - Start completed.
2026-02-23 00:11:16.008 INFO  o.hibernate.orm.connections.pooling [requestId=N/A] - HHH10001005: Database info:
	Database JDBC URL [Connecting through datasource 'HikariDataSource (HikariPool-1)']
	Database driver: undefined/unknown
	Database version: 18.1
	Autocommit mode: undefined/unknown
	Isolation level: undefined/unknown
	Minimum pool size: undefined/unknown
	Maximum pool size: undefined/unknown
2026-02-23 00:11:16.350 INFO  o.h.e.t.j.p.i.JtaPlatformInitiator [requestId=N/A] - HHH000489: No JTA platform available (set 'hibernate.transaction.jta.platform' to enable JTA platform integration)
2026-02-23 00:11:16.414 INFO  o.s.o.j.LocalContainerEntityManagerFactoryBean [requestId=N/A] - Initialized JPA EntityManagerFactory for persistence unit 'default'
2026-02-23 00:11:16.548 INFO  o.s.s.c.a.a.c.InitializeAuthenticationProviderBeanManagerConfigurer$InitializeAuthenticationProviderManagerConfigurer [requestId=N/A] - Global AuthenticationManager configured with AuthenticationProvider bean with name authenticationProvider
2026-02-23 00:11:16.549 WARN  o.s.s.c.a.a.c.InitializeUserDetailsBeanManagerConfigurer$InitializeUserDetailsManagerConfigurer [requestId=N/A] - Global AuthenticationManager configured with an AuthenticationProvider bean. UserDetailsService beans will not be used by Spring Security for automatically configuring username/password login. Consider removing the AuthenticationProvider bean. Alternatively, consider using the UserDetailsService in a manually instantiated DaoAuthenticationProvider. If the current configuration is intentional, to turn off this warning, increase the logging level of 'org.springframework.security.config.annotation.authentication.configuration.InitializeUserDetailsBeanManagerConfigurer' to ERROR
2026-02-23 00:11:16.580 WARN  o.s.b.a.o.j.JpaBaseConfiguration$JpaWebConfiguration [requestId=N/A] - spring.jpa.open-in-view is enabled by default. Therefore, database queries may be performed during view rendering. Explicitly configure spring.jpa.open-in-view to disable this warning
2026-02-23 00:11:16.705 INFO  o.s.b.a.e.web.EndpointLinksResolver [requestId=N/A] - Exposing 1 endpoint beneath base path '/actuator'
2026-02-23 00:11:16.839 INFO  o.a.coyote.http11.Http11NioProtocol [requestId=N/A] - Starting ProtocolHandler ["http-nio-8080"]
2026-02-23 00:11:16.845 INFO  o.s.b.w.e.tomcat.TomcatWebServer [requestId=N/A] - Tomcat started on port 8080 (http) with context path '/'
2026-02-23 00:11:16.852 INFO  c.h.backend.BackendApplication [requestId=N/A] - Started BackendApplication in 1.86 seconds (process running for 2.099)
2026-02-23 00:11:17.388 INFO  o.a.c.c.C.[Tomcat].[localhost].[/] [requestId=N/A] - Initializing Spring DispatcherServlet 'dispatcherServlet'
2026-02-23 00:11:17.388 INFO  o.s.web.servlet.DispatcherServlet [requestId=N/A] - Initializing Servlet 'dispatcherServlet'
2026-02-23 00:11:17.389 INFO  o.s.web.servlet.DispatcherServlet [requestId=N/A] - Completed initialization in 1 ms
2026-02-23 00:11:51.295 INFO  o.s.b.w.e.tomcat.GracefulShutdown [requestId=N/A] - Commencing graceful shutdown. Waiting for active requests to complete
2026-02-23 00:11:51.805 INFO  o.s.b.w.e.tomcat.GracefulShutdown [requestId=N/A] - Graceful shutdown complete
2026-02-23 00:11:51.818 INFO  o.s.o.j.LocalContainerEntityManagerFactoryBean [requestId=N/A] - Closing JPA EntityManagerFactory for persistence unit 'default'
2026-02-23 00:11:51.823 INFO  com.zaxxer.hikari.HikariDataSource [requestId=N/A] - HikariPool-1 - Shutdown initiated...
2026-02-23 00:11:51.825 INFO  com.zaxxer.hikari.HikariDataSource [requestId=N/A] - HikariPool-1 - Shutdown completed.
2026-02-23 00:11:54.256 INFO  o.h.validator.internal.util.Version [requestId=N/A] - HV000001: Hibernate Validator 8.0.3.Final
2026-02-23 00:11:54.270 INFO  c.h.backend.BackendApplication [requestId=N/A] - Starting BackendApplication using Java 24.0.1 with PID 28135 (/Users/mete/Desktop/Halisaha_dev/target/classes started by mete in /Users/mete/Desktop/Halisaha_dev)
2026-02-23 00:11:54.271 INFO  c.h.backend.BackendApplication [requestId=N/A] - No active profile set, falling back to 1 default profile: "default"
2026-02-23 00:11:54.597 INFO  o.s.d.r.c.RepositoryConfigurationDelegate [requestId=N/A] - Bootstrapping Spring Data JPA repositories in DEFAULT mode.
2026-02-23 00:11:54.619 INFO  o.s.d.r.c.RepositoryConfigurationDelegate [requestId=N/A] - Finished Spring Data repository scanning in 18 ms. Found 5 JPA repository interfaces.
2026-02-23 00:11:54.793 INFO  o.s.b.w.e.tomcat.TomcatWebServer [requestId=N/A] - Tomcat initialized with port 8080 (http)
2026-02-23 00:11:54.798 INFO  o.a.coyote.http11.Http11NioProtocol [requestId=N/A] - Initializing ProtocolHandler ["http-nio-8080"]
2026-02-23 00:11:54.799 INFO  o.a.catalina.core.StandardService [requestId=N/A] - Starting service [Tomcat]
2026-02-23 00:11:54.799 INFO  o.a.catalina.core.StandardEngine [requestId=N/A] - Starting Servlet engine: [Apache Tomcat/10.1.50]
2026-02-23 00:11:54.815 INFO  o.a.c.c.C.[Tomcat].[localhost].[/] [requestId=N/A] - Initializing Spring embedded WebApplicationContext
2026-02-23 00:11:54.815 INFO  o.s.b.w.s.c.ServletWebServerApplicationContext [requestId=N/A] - Root WebApplicationContext: initialization completed in 530 ms
2026-02-23 00:11:54.900 INFO  o.h.jpa.internal.util.LogHelper [requestId=N/A] - HHH000204: Processing PersistenceUnitInfo [name: default]
2026-02-23 00:11:54.918 INFO  org.hibernate.Version [requestId=N/A] - HHH000412: Hibernate ORM core version 6.6.41.Final
2026-02-23 00:11:54.928 INFO  o.h.c.i.RegionFactoryInitiator [requestId=N/A] - HHH000026: Second-level cache disabled
2026-02-23 00:11:55.017 INFO  o.s.o.j.p.SpringPersistenceUnitInfo [requestId=N/A] - No LoadTimeWeaver setup: ignoring JPA class transformer
2026-02-23 00:11:55.027 INFO  com.zaxxer.hikari.HikariDataSource [requestId=N/A] - HikariPool-1 - Starting...
2026-02-23 00:11:55.085 INFO  com.zaxxer.hikari.pool.HikariPool [requestId=N/A] - HikariPool-1 - Added connection org.postgresql.jdbc.PgConnection@57bac3f0
2026-02-23 00:11:55.086 INFO  com.zaxxer.hikari.HikariDataSource [requestId=N/A] - HikariPool-1 - Start completed.
2026-02-23 00:11:55.116 INFO  o.hibernate.orm.connections.pooling [requestId=N/A] - HHH10001005: Database info:
	Database JDBC URL [Connecting through datasource 'HikariDataSource (HikariPool-1)']
	Database driver: undefined/unknown
	Database version: 18.1
	Autocommit mode: undefined/unknown
	Isolation level: undefined/unknown
	Minimum pool size: undefined/unknown
	Maximum pool size: undefined/unknown
2026-02-23 00:11:55.476 INFO  o.h.e.t.j.p.i.JtaPlatformInitiator [requestId=N/A] - HHH000489: No JTA platform available (set 'hibernate.transaction.jta.platform' to enable JTA platform integration)
2026-02-23 00:11:55.536 INFO  o.s.o.j.LocalContainerEntityManagerFactoryBean [requestId=N/A] - Initialized JPA EntityManagerFactory for persistence unit 'default'
2026-02-23 00:11:55.671 INFO  o.s.s.c.a.a.c.InitializeAuthenticationProviderBeanManagerConfigurer$InitializeAuthenticationProviderManagerConfigurer [requestId=N/A] - Global AuthenticationManager configured with AuthenticationProvider bean with name authenticationProvider
2026-02-23 00:11:55.671 WARN  o.s.s.c.a.a.c.InitializeUserDetailsBeanManagerConfigurer$InitializeUserDetailsManagerConfigurer [requestId=N/A] - Global AuthenticationManager configured with an AuthenticationProvider bean. UserDetailsService beans will not be used by Spring Security for automatically configuring username/password login. Consider removing the AuthenticationProvider bean. Alternatively, consider using the UserDetailsService in a manually instantiated DaoAuthenticationProvider. If the current configuration is intentional, to turn off this warning, increase the logging level of 'org.springframework.security.config.annotation.authentication.configuration.InitializeUserDetailsBeanManagerConfigurer' to ERROR
2026-02-23 00:11:55.702 WARN  o.s.b.a.o.j.JpaBaseConfiguration$JpaWebConfiguration [requestId=N/A] - spring.jpa.open-in-view is enabled by default. Therefore, database queries may be performed during view rendering. Explicitly configure spring.jpa.open-in-view to disable this warning
2026-02-23 00:11:55.830 INFO  o.s.b.a.e.web.EndpointLinksResolver [requestId=N/A] - Exposing 1 endpoint beneath base path '/actuator'
2026-02-23 00:11:55.965 INFO  o.a.coyote.http11.Http11NioProtocol [requestId=N/A] - Starting ProtocolHandler ["http-nio-8080"]
2026-02-23 00:11:55.971 INFO  o.s.b.w.e.tomcat.TomcatWebServer [requestId=N/A] - Tomcat started on port 8080 (http) with context path '/'
2026-02-23 00:11:55.978 INFO  c.h.backend.BackendApplication [requestId=N/A] - Started BackendApplication in 1.882 seconds (process running for 2.113)
2026-02-23 00:11:56.501 INFO  o.a.c.c.C.[Tomcat].[localhost].[/] [requestId=N/A] - Initializing Spring DispatcherServlet 'dispatcherServlet'
2026-02-23 00:11:56.501 INFO  o.s.web.servlet.DispatcherServlet [requestId=N/A] - Initializing Servlet 'dispatcherServlet'
2026-02-23 00:11:56.508 INFO  o.s.web.servlet.DispatcherServlet [requestId=N/A] - Completed initialization in 1 ms
2026-02-23 00:14:36.748 INFO  c.h.b.config.RequestIdLoggingFilter [requestId=41fc0687-ef25-4c2d-b79a-400b79b8aff1] - GET /api/auth/register -> 500 (37 ms)
2026-02-23 00:14:56.586 INFO  o.a.coyote.http11.Http11Processor [requestId=N/A] - Error parsing HTTP request header
 Note: further occurrences of HTTP request parsing errors will be logged at DEBUG level.
java.lang.IllegalArgumentException: Invalid character found in method name [0x160x030x010x000xf30x010x000x000xef0x030x030x8a0x9f{0x040xa9wC0x99n90x82S0xb24s0xdd0xf00xa20x1f0xae0x8a0xb60xd30x17@0xf6(D0x1b0xab0xfb0x16 ]. HTTP method names must be tokens
	at org.apache.coyote.http11.Http11InputBuffer.parseRequestLine(Http11InputBuffer.java:402)
	at org.apache.coyote.http11.Http11Processor.service(Http11Processor.java:272)
	at org.apache.coyote.AbstractProcessorLight.process(AbstractProcessorLight.java:63)
	at org.apache.coyote.AbstractProtocol$ConnectionHandler.process(AbstractProtocol.java:903)
	at org.apache.tomcat.util.net.NioEndpoint$SocketProcessor.doRun(NioEndpoint.java:1774)
	at org.apache.tomcat.util.net.SocketProcessorBase.run(SocketProcessorBase.java:52)
	at org.apache.tomcat.util.threads.ThreadPoolExecutor.runWorker(ThreadPoolExecutor.java:973)
	at org.apache.tomcat.util.threads.ThreadPoolExecutor$Worker.run(ThreadPoolExecutor.java:491)
	at org.apache.tomcat.util.threads.TaskThread$WrappingRunnable.run(TaskThread.java:63)
	at java.base/java.lang.Thread.run(Thread.java:1447)
2026-02-23 00:14:59.466 INFO  c.h.b.config.RequestIdLoggingFilter [requestId=065e35de-4725-407c-a246-69248ee045f6] - GET /api/auth/register -> 500 (11 ms)
2026-02-23 00:15:44.341 INFO  c.h.b.config.RequestIdLoggingFilter [requestId=cdaf4a90-e5ca-4398-ae69-f5ad14f030ed] - POST /api/auth/register -> 400 (106 ms)
2026-02-23 00:15:51.135 INFO  c.h.backend.service.AuthService [requestId=2c55891d-0468-4846-9c33-b4381a14fd42] - User mete registered: 
2026-02-23 00:15:51.137 INFO  c.h.b.config.RequestIdLoggingFilter [requestId=2c55891d-0468-4846-9c33-b4381a14fd42] - POST /api/auth/register -> 201 (227 ms)
2026-02-23 00:16:34.214 INFO  c.h.b.config.RequestIdLoggingFilter [requestId=0c228868-e42b-4021-a22f-576446c27677] - GET /api/auth/login -> 500 (6 ms)
2026-02-23 00:17:08.739 INFO  c.h.b.config.RequestIdLoggingFilter [requestId=26c0851e-ace5-4760-affd-93a9b3957d6f] - GET /api/auth/login -> 500 (13 ms)
2026-02-23 00:17:24.592 INFO  c.h.backend.service.AuthService [requestId=9050bdda-29e2-4cec-a1f0-d565954eed71] - JWT Token is generated for the User called mete
2026-02-23 00:17:24.593 INFO  c.h.b.config.RequestIdLoggingFilter [requestId=9050bdda-29e2-4cec-a1f0-d565954eed71] - POST /api/auth/login -> 200 (243 ms)
2026-02-23 00:18:57.199 INFO  c.h.b.config.RequestIdLoggingFilter [requestId=f93d55e4-eac5-4e6a-a1f0-e2f39a7e8c8e] - GET /api/pitch/create -> 500 (109 ms)
2026-02-23 00:19:09.236 INFO  c.h.b.config.RequestIdLoggingFilter [requestId=37777fb5-f475-45f1-b53f-e6a7208b8321] - GET /api/user/pitch/create -> 500 (13 ms)
2026-02-23 00:20:22.726 WARN  o.h.e.jdbc.spi.SqlExceptionHelper [requestId=cd634a63-d30d-4fce-a564-c3be7d17f92c] - SQL Error: 0, SQLState: 23502
2026-02-23 00:20:22.727 ERROR o.h.e.jdbc.spi.SqlExceptionHelper [requestId=cd634a63-d30d-4fce-a564-c3be7d17f92c] - ERROR: null value in column "close_time" of relation "pitch" violates not-null constraint
  Detail: Failing row contains (null, 1, t, null, 2026-02-23 00:20:22.715204, 1, null, null, null, null, null, null, null).
2026-02-23 00:20:22.738 INFO  c.h.b.config.RequestIdLoggingFilter [requestId=cd634a63-d30d-4fce-a564-c3be7d17f92c] - POST /api/user/pitch/create -> 400 (54 ms)
2026-02-23 00:20:59.031 WARN  o.h.e.jdbc.spi.SqlExceptionHelper [requestId=f125f41c-eef0-446d-b54b-2ef77c8d3600] - SQL Error: 0, SQLState: 23502
2026-02-23 00:20:59.032 ERROR o.h.e.jdbc.spi.SqlExceptionHelper [requestId=f125f41c-eef0-446d-b54b-2ef77c8d3600] - ERROR: null value in column "close_time" of relation "pitch" violates not-null constraint
  Detail: Failing row contains (null, 2, t, null, 2026-02-23 00:20:59.028693, 1, null, null, null, null, null, null, null).
2026-02-23 00:20:59.037 INFO  c.h.b.config.RequestIdLoggingFilter [requestId=f125f41c-eef0-446d-b54b-2ef77c8d3600] - POST /api/user/pitch/create -> 400 (43 ms)
2026-02-23 00:23:24.375 INFO  o.s.b.w.e.tomcat.GracefulShutdown [requestId=N/A] - Commencing graceful shutdown. Waiting for active requests to complete
2026-02-23 00:23:24.890 INFO  o.s.b.w.e.tomcat.GracefulShutdown [requestId=N/A] - Graceful shutdown complete
2026-02-23 00:23:24.909 INFO  o.s.o.j.LocalContainerEntityManagerFactoryBean [requestId=N/A] - Closing JPA EntityManagerFactory for persistence unit 'default'
2026-02-23 00:23:24.914 INFO  com.zaxxer.hikari.HikariDataSource [requestId=N/A] - HikariPool-1 - Shutdown initiated...
2026-02-23 00:23:24.916 INFO  com.zaxxer.hikari.HikariDataSource [requestId=N/A] - HikariPool-1 - Shutdown completed.
2026-02-23 00:23:26.546 INFO  o.h.validator.internal.util.Version [requestId=N/A] - HV000001: Hibernate Validator 8.0.3.Final
2026-02-23 00:23:26.560 INFO  c.h.backend.BackendApplication [requestId=N/A] - Starting BackendApplication using Java 24.0.1 with PID 28624 (/Users/mete/Desktop/Halisaha_dev/target/classes started by mete in /Users/mete/Desktop/Halisaha_dev)
2026-02-23 00:23:26.560 INFO  c.h.backend.BackendApplication [requestId=N/A] - No active profile set, falling back to 1 default profile: "default"
2026-02-23 00:23:26.866 INFO  o.s.d.r.c.RepositoryConfigurationDelegate [requestId=N/A] - Bootstrapping Spring Data JPA repositories in DEFAULT mode.
2026-02-23 00:23:26.892 INFO  o.s.d.r.c.RepositoryConfigurationDelegate [requestId=N/A] - Finished Spring Data repository scanning in 22 ms. Found 5 JPA repository interfaces.
2026-02-23 00:23:27.063 INFO  o.s.b.w.e.tomcat.TomcatWebServer [requestId=N/A] - Tomcat initialized with port 8080 (http)
2026-02-23 00:23:27.068 INFO  o.a.coyote.http11.Http11NioProtocol [requestId=N/A] - Initializing ProtocolHandler ["http-nio-8080"]
2026-02-23 00:23:27.068 INFO  o.a.catalina.core.StandardService [requestId=N/A] - Starting service [Tomcat]
2026-02-23 00:23:27.068 INFO  o.a.catalina.core.StandardEngine [requestId=N/A] - Starting Servlet engine: [Apache Tomcat/10.1.50]
2026-02-23 00:23:27.084 INFO  o.a.c.c.C.[Tomcat].[localhost].[/] [requestId=N/A] - Initializing Spring embedded WebApplicationContext
2026-02-23 00:23:27.084 INFO  o.s.b.w.s.c.ServletWebServerApplicationContext [requestId=N/A] - Root WebApplicationContext: initialization completed in 510 ms
2026-02-23 00:23:27.159 INFO  o.h.jpa.internal.util.LogHelper [requestId=N/A] - HHH000204: Processing PersistenceUnitInfo [name: default]
2026-02-23 00:23:27.177 INFO  org.hibernate.Version [requestId=N/A] - HHH000412: Hibernate ORM core version 6.6.41.Final
2026-02-23 00:23:27.188 INFO  o.h.c.i.RegionFactoryInitiator [requestId=N/A] - HHH000026: Second-level cache disabled
2026-02-23 00:23:27.280 INFO  o.s.o.j.p.SpringPersistenceUnitInfo [requestId=N/A] - No LoadTimeWeaver setup: ignoring JPA class transformer
2026-02-23 00:23:27.290 INFO  com.zaxxer.hikari.HikariDataSource [requestId=N/A] - HikariPool-1 - Starting...
2026-02-23 00:23:27.353 INFO  com.zaxxer.hikari.pool.HikariPool [requestId=N/A] - HikariPool-1 - Added connection org.postgresql.jdbc.PgConnection@c83ed77
2026-02-23 00:23:27.353 INFO  com.zaxxer.hikari.HikariDataSource [requestId=N/A] - HikariPool-1 - Start completed.
2026-02-23 00:23:27.377 INFO  o.hibernate.orm.connections.pooling [requestId=N/A] - HHH10001005: Database info:
	Database JDBC URL [Connecting through datasource 'HikariDataSource (HikariPool-1)']
	Database driver: undefined/unknown
	Database version: 18.1
	Autocommit mode: undefined/unknown
	Isolation level: undefined/unknown
	Minimum pool size: undefined/unknown
	Maximum pool size: undefined/unknown
2026-02-23 00:23:27.720 INFO  o.h.e.t.j.p.i.JtaPlatformInitiator [requestId=N/A] - HHH000489: No JTA platform available (set 'hibernate.transaction.jta.platform' to enable JTA platform integration)
2026-02-23 00:23:27.780 INFO  o.s.o.j.LocalContainerEntityManagerFactoryBean [requestId=N/A] - Initialized JPA EntityManagerFactory for persistence unit 'default'
2026-02-23 00:23:27.912 INFO  o.s.s.c.a.a.c.InitializeAuthenticationProviderBeanManagerConfigurer$InitializeAuthenticationProviderManagerConfigurer [requestId=N/A] - Global AuthenticationManager configured with AuthenticationProvider bean with name authenticationProvider
2026-02-23 00:23:27.912 WARN  o.s.s.c.a.a.c.InitializeUserDetailsBeanManagerConfigurer$InitializeUserDetailsManagerConfigurer [requestId=N/A] - Global AuthenticationManager configured with an AuthenticationProvider bean. UserDetailsService beans will not be used by Spring Security for automatically configuring username/password login. Consider removing the AuthenticationProvider bean. Alternatively, consider using the UserDetailsService in a manually instantiated DaoAuthenticationProvider. If the current configuration is intentional, to turn off this warning, increase the logging level of 'org.springframework.security.config.annotation.authentication.configuration.InitializeUserDetailsBeanManagerConfigurer' to ERROR
2026-02-23 00:23:27.942 WARN  o.s.b.a.o.j.JpaBaseConfiguration$JpaWebConfiguration [requestId=N/A] - spring.jpa.open-in-view is enabled by default. Therefore, database queries may be performed during view rendering. Explicitly configure spring.jpa.open-in-view to disable this warning
2026-02-23 00:23:28.068 INFO  o.s.b.a.e.web.EndpointLinksResolver [requestId=N/A] - Exposing 1 endpoint beneath base path '/actuator'
2026-02-23 00:23:28.200 INFO  o.a.coyote.http11.Http11NioProtocol [requestId=N/A] - Starting ProtocolHandler ["http-nio-8080"]
2026-02-23 00:23:28.211 INFO  o.s.b.w.e.tomcat.TomcatWebServer [requestId=N/A] - Tomcat started on port 8080 (http) with context path '/'
2026-02-23 00:23:28.218 INFO  c.h.backend.BackendApplication [requestId=N/A] - Started BackendApplication in 1.834 seconds (process running for 2.066)
2026-02-23 00:23:28.800 INFO  o.a.c.c.C.[Tomcat].[localhost].[/] [requestId=N/A] - Initializing Spring DispatcherServlet 'dispatcherServlet'
2026-02-23 00:23:28.801 INFO  o.s.web.servlet.DispatcherServlet [requestId=N/A] - Initializing Servlet 'dispatcherServlet'
2026-02-23 00:23:28.801 INFO  o.s.web.servlet.DispatcherServlet [requestId=N/A] - Completed initialization in 0 ms
2026-02-23 00:23:33.537 INFO  c.h.b.config.RequestIdLoggingFilter [requestId=dcb5483d-e219-4ac9-82eb-0cba739b6b60] - POST /api/user/pitch/create -> 200 (257 ms)
2026-02-23 00:27:34.489 INFO  o.s.b.w.e.tomcat.GracefulShutdown [requestId=N/A] - Commencing graceful shutdown. Waiting for active requests to complete
2026-02-23 00:27:35.007 INFO  o.s.b.w.e.tomcat.GracefulShutdown [requestId=N/A] - Graceful shutdown complete
2026-02-23 00:27:35.018 INFO  o.s.o.j.LocalContainerEntityManagerFactoryBean [requestId=N/A] - Closing JPA EntityManagerFactory for persistence unit 'default'
2026-02-23 00:27:35.023 INFO  com.zaxxer.hikari.HikariDataSource [requestId=N/A] - HikariPool-1 - Shutdown initiated...
2026-02-23 00:27:35.026 INFO  com.zaxxer.hikari.HikariDataSource [requestId=N/A] - HikariPool-1 - Shutdown completed.
2026-02-23 00:27:36.641 INFO  o.h.validator.internal.util.Version [requestId=N/A] - HV000001: Hibernate Validator 8.0.3.Final
2026-02-23 00:27:36.655 INFO  c.h.backend.BackendApplication [requestId=N/A] - Starting BackendApplication using Java 24.0.1 with PID 28878 (/Users/mete/Desktop/Halisaha_dev/target/classes started by mete in /Users/mete/Desktop/Halisaha_dev)
2026-02-23 00:27:36.655 INFO  c.h.backend.BackendApplication [requestId=N/A] - No active profile set, falling back to 1 default profile: "default"
2026-02-23 00:27:36.972 INFO  o.s.d.r.c.RepositoryConfigurationDelegate [requestId=N/A] - Bootstrapping Spring Data JPA repositories in DEFAULT mode.
2026-02-23 00:27:36.993 INFO  o.s.d.r.c.RepositoryConfigurationDelegate [requestId=N/A] - Finished Spring Data repository scanning in 17 ms. Found 5 JPA repository interfaces.
2026-02-23 00:27:37.162 INFO  o.s.b.w.e.tomcat.TomcatWebServer [requestId=N/A] - Tomcat initialized with port 8080 (http)
2026-02-23 00:27:37.166 INFO  o.a.coyote.http11.Http11NioProtocol [requestId=N/A] - Initializing ProtocolHandler ["http-nio-8080"]
2026-02-23 00:27:37.167 INFO  o.a.catalina.core.StandardService [requestId=N/A] - Starting service [Tomcat]
2026-02-23 00:27:37.167 INFO  o.a.catalina.core.StandardEngine [requestId=N/A] - Starting Servlet engine: [Apache Tomcat/10.1.50]
2026-02-23 00:27:37.181 INFO  o.a.c.c.C.[Tomcat].[localhost].[/] [requestId=N/A] - Initializing Spring embedded WebApplicationContext
2026-02-23 00:27:37.182 INFO  o.s.b.w.s.c.ServletWebServerApplicationContext [requestId=N/A] - Root WebApplicationContext: initialization completed in 513 ms
2026-02-23 00:27:37.264 INFO  o.h.jpa.internal.util.LogHelper [requestId=N/A] - HHH000204: Processing PersistenceUnitInfo [name: default]
2026-02-23 00:27:37.281 INFO  org.hibernate.Version [requestId=N/A] - HHH000412: Hibernate ORM core version 6.6.41.Final
2026-02-23 00:27:37.292 INFO  o.h.c.i.RegionFactoryInitiator [requestId=N/A] - HHH000026: Second-level cache disabled
2026-02-23 00:27:37.382 INFO  o.s.o.j.p.SpringPersistenceUnitInfo [requestId=N/A] - No LoadTimeWeaver setup: ignoring JPA class transformer
2026-02-23 00:27:37.392 INFO  com.zaxxer.hikari.HikariDataSource [requestId=N/A] - HikariPool-1 - Starting...
2026-02-23 00:27:37.452 INFO  com.zaxxer.hikari.pool.HikariPool [requestId=N/A] - HikariPool-1 - Added connection org.postgresql.jdbc.PgConnection@5c9b5e62
2026-02-23 00:27:37.453 INFO  com.zaxxer.hikari.HikariDataSource [requestId=N/A] - HikariPool-1 - Start completed.
2026-02-23 00:27:37.481 INFO  o.hibernate.orm.connections.pooling [requestId=N/A] - HHH10001005: Database info:
	Database JDBC URL [Connecting through datasource 'HikariDataSource (HikariPool-1)']
	Database driver: undefined/unknown
	Database version: 18.1
	Autocommit mode: undefined/unknown
	Isolation level: undefined/unknown
	Minimum pool size: undefined/unknown
	Maximum pool size: undefined/unknown
2026-02-23 00:27:37.820 INFO  o.h.e.t.j.p.i.JtaPlatformInitiator [requestId=N/A] - HHH000489: No JTA platform available (set 'hibernate.transaction.jta.platform' to enable JTA platform integration)
2026-02-23 00:27:37.885 INFO  o.s.o.j.LocalContainerEntityManagerFactoryBean [requestId=N/A] - Initialized JPA EntityManagerFactory for persistence unit 'default'
2026-02-23 00:27:38.016 INFO  o.s.s.c.a.a.c.InitializeAuthenticationProviderBeanManagerConfigurer$InitializeAuthenticationProviderManagerConfigurer [requestId=N/A] - Global AuthenticationManager configured with AuthenticationProvider bean with name authenticationProvider
2026-02-23 00:27:38.017 WARN  o.s.s.c.a.a.c.InitializeUserDetailsBeanManagerConfigurer$InitializeUserDetailsManagerConfigurer [requestId=N/A] - Global AuthenticationManager configured with an AuthenticationProvider bean. UserDetailsService beans will not be used by Spring Security for automatically configuring username/password login. Consider removing the AuthenticationProvider bean. Alternatively, consider using the UserDetailsService in a manually instantiated DaoAuthenticationProvider. If the current configuration is intentional, to turn off this warning, increase the logging level of 'org.springframework.security.config.annotation.authentication.configuration.InitializeUserDetailsBeanManagerConfigurer' to ERROR
2026-02-23 00:27:38.047 WARN  o.s.b.a.o.j.JpaBaseConfiguration$JpaWebConfiguration [requestId=N/A] - spring.jpa.open-in-view is enabled by default. Therefore, database queries may be performed during view rendering. Explicitly configure spring.jpa.open-in-view to disable this warning
2026-02-23 00:27:38.172 INFO  o.s.b.a.e.web.EndpointLinksResolver [requestId=N/A] - Exposing 1 endpoint beneath base path '/actuator'
2026-02-23 00:27:38.304 INFO  o.a.coyote.http11.Http11NioProtocol [requestId=N/A] - Starting ProtocolHandler ["http-nio-8080"]
2026-02-23 00:27:38.311 INFO  o.s.b.w.e.tomcat.TomcatWebServer [requestId=N/A] - Tomcat started on port 8080 (http) with context path '/'
2026-02-23 00:27:38.318 INFO  c.h.backend.BackendApplication [requestId=N/A] - Started BackendApplication in 1.835 seconds (process running for 2.054)
2026-02-23 00:27:38.898 INFO  o.a.c.c.C.[Tomcat].[localhost].[/] [requestId=N/A] - Initializing Spring DispatcherServlet 'dispatcherServlet'
2026-02-23 00:27:38.898 INFO  o.s.web.servlet.DispatcherServlet [requestId=N/A] - Initializing Servlet 'dispatcherServlet'
2026-02-23 00:27:38.899 INFO  o.s.web.servlet.DispatcherServlet [requestId=N/A] - Completed initialization in 1 ms
2026-02-23 00:27:43.207 INFO  c.h.b.config.RequestIdLoggingFilter [requestId=012f8335-dfea-48b8-a06c-64eb4a0aca82] - POST /api/user/pitch/create -> 201 (185 ms)
2026-02-23 00:36:39.784 INFO  o.s.b.w.e.tomcat.GracefulShutdown [requestId=N/A] - Commencing graceful shutdown. Waiting for active requests to complete
2026-02-23 00:36:40.297 INFO  o.s.b.w.e.tomcat.GracefulShutdown [requestId=N/A] - Graceful shutdown complete
2026-02-23 00:36:40.304 INFO  o.s.o.j.LocalContainerEntityManagerFactoryBean [requestId=N/A] - Closing JPA EntityManagerFactory for persistence unit 'default'
2026-02-23 00:36:40.307 INFO  com.zaxxer.hikari.HikariDataSource [requestId=N/A] - HikariPool-1 - Shutdown initiated...
2026-02-23 00:36:40.309 INFO  com.zaxxer.hikari.HikariDataSource [requestId=N/A] - HikariPool-1 - Shutdown completed.
